{"C:\\Users\\user1\\Downloads\\UI-Library\\src\\assets\\CloseIcon.tsx": {"path":"C:\\Users\\user1\\Downloads\\UI-Library\\src\\assets\\CloseIcon.tsx","statementMap":{"0":{"start":{"line":3,"column":25},"end":{"line":9,"column":1}},"1":{"start":{"line":4,"column":4},"end":{"line":8,"column":6}}},"fnMap":{"0":{"name":"(anonymous_0)","decl":{"start":{"line":3,"column":25},"end":{"line":3,"column":26}},"loc":{"start":{"line":3,"column":31},"end":{"line":9,"column":1}},"line":3}},"branchMap":{},"s":{"0":1,"1":3},"f":{"0":3},"b":{},"_coverageSchema":"1a1c01bbd47fc00a2c39e90264f33305004495a9","hash":"e0c4d762bdd9afcea4b4b910423d55692ac29404"}
,"C:\\Users\\user1\\Downloads\\UI-Library\\src\\components\\Alert\\Alert.tsx": {"path":"C:\\Users\\user1\\Downloads\\UI-Library\\src\\components\\Alert\\Alert.tsx","statementMap":{"0":{"start":{"line":12,"column":58},"end":{"line":36,"column":1}},"1":{"start":{"line":13,"column":32},"end":{"line":13,"column":46}},"2":{"start":{"line":14,"column":24},"end":{"line":16,"column":5}},"3":{"start":{"line":15,"column":8},"end":{"line":15,"column":25}},"4":{"start":{"line":17,"column":4},"end":{"line":21,"column":5}},"5":{"start":{"line":18,"column":8},"end":{"line":20,"column":20}},"6":{"start":{"line":19,"column":12},"end":{"line":19,"column":26}},"7":{"start":{"line":23,"column":4},"end":{"line":25,"column":5}},"8":{"start":{"line":24,"column":8},"end":{"line":24,"column":20}},"9":{"start":{"line":26,"column":4},"end":{"line":35,"column":6}}},"fnMap":{"0":{"name":"(anonymous_0)","decl":{"start":{"line":12,"column":58},"end":{"line":12,"column":59}},"loc":{"start":{"line":12,"column":151},"end":{"line":36,"column":1}},"line":12},"1":{"name":"(anonymous_1)","decl":{"start":{"line":14,"column":24},"end":{"line":14,"column":25}},"loc":{"start":{"line":14,"column":30},"end":{"line":16,"column":5}},"line":14},"2":{"name":"(anonymous_2)","decl":{"start":{"line":18,"column":19},"end":{"line":18,"column":20}},"loc":{"start":{"line":18,"column":25},"end":{"line":20,"column":9}},"line":18}},"branchMap":{"0":{"loc":{"start":{"line":12,"column":61},"end":{"line":12,"column":98}},"type":"default-arg","locations":[{"start":{"line":12,"column":71},"end":{"line":12,"column":98}}],"line":12},"1":{"loc":{"start":{"line":12,"column":100},"end":{"line":12,"column":116}},"type":"default-arg","locations":[{"start":{"line":12,"column":107},"end":{"line":12,"column":116}}],"line":12},"2":{"loc":{"start":{"line":12,"column":127},"end":{"line":12,"column":144}},"type":"default-arg","locations":[{"start":{"line":12,"column":140},"end":{"line":12,"column":144}}],"line":12},"3":{"loc":{"start":{"line":17,"column":4},"end":{"line":21,"column":5}},"type":"if","locations":[{"start":{"line":17,"column":4},"end":{"line":21,"column":5}},{"start":{},"end":{}}],"line":17},"4":{"loc":{"start":{"line":23,"column":4},"end":{"line":25,"column":5}},"type":"if","locations":[{"start":{"line":23,"column":4},"end":{"line":25,"column":5}},{"start":{},"end":{}}],"line":23},"5":{"loc":{"start":{"line":29,"column":13},"end":{"line":33,"column":13}},"type":"binary-expr","locations":[{"start":{"line":29,"column":13},"end":{"line":29,"column":23}},{"start":{"line":30,"column":16},"end":{"line":32,"column":22}}],"line":29}},"s":{"0":1,"1":5,"2":5,"3":1,"4":5,"5":2,"6":0,"7":5,"8":1,"9":4},"f":{"0":5,"1":1,"2":0},"b":{"0":[0],"1":[3],"2":[1],"3":[2,3],"4":[1,4],"5":[4,3]},"_coverageSchema":"1a1c01bbd47fc00a2c39e90264f33305004495a9","hash":"9e8c208a91811b2ce2cbf25d7a0c2baef704addf"}
,"C:\\Users\\user1\\Downloads\\UI-Library\\src\\components\\AuthHoc\\AuthHoc.tsx": {"path":"C:\\Users\\user1\\Downloads\\UI-Library\\src\\components\\AuthHoc\\AuthHoc.tsx","statementMap":{"0":{"start":{"line":8,"column":16},"end":{"line":16,"column":1}},"1":{"start":{"line":9,"column":30},"end":{"line":14,"column":5}},"2":{"start":{"line":10,"column":8},"end":{"line":12,"column":9}},"3":{"start":{"line":11,"column":12},"end":{"line":11,"column":44}},"4":{"start":{"line":13,"column":8},"end":{"line":13,"column":47}},"5":{"start":{"line":15,"column":4},"end":{"line":15,"column":29}}},"fnMap":{"0":{"name":"(anonymous_0)","decl":{"start":{"line":8,"column":16},"end":{"line":8,"column":17}},"loc":{"start":{"line":8,"column":64},"end":{"line":16,"column":1}},"line":8},"1":{"name":"(anonymous_1)","decl":{"start":{"line":9,"column":30},"end":{"line":9,"column":31}},"loc":{"start":{"line":9,"column":52},"end":{"line":14,"column":5}},"line":9}},"branchMap":{"0":{"loc":{"start":{"line":10,"column":8},"end":{"line":12,"column":9}},"type":"if","locations":[{"start":{"line":10,"column":8},"end":{"line":12,"column":9}},{"start":{},"end":{}}],"line":10}},"s":{"0":1,"1":1,"2":1,"3":0,"4":1,"5":1},"f":{"0":1,"1":1},"b":{"0":[0,1]},"_coverageSchema":"1a1c01bbd47fc00a2c39e90264f33305004495a9","hash":"410beb604717b37435bbffb43387de84602054ca"}
,"C:\\Users\\user1\\Downloads\\UI-Library\\src\\components\\Button\\Button.tsx": {"path":"C:\\Users\\user1\\Downloads\\UI-Library\\src\\components\\Button\\Button.tsx","statementMap":{"0":{"start":{"line":12,"column":60},"end":{"line":28,"column":1}},"1":{"start":{"line":13,"column":82},"end":{"line":13,"column":87}},"2":{"start":{"line":14,"column":38},"end":{"line":14,"column":49}},"3":{"start":{"line":15,"column":29},"end":{"line":15,"column":43}},"4":{"start":{"line":16,"column":24},"end":{"line":16,"column":32}},"5":{"start":{"line":18,"column":4},"end":{"line":18,"column":36}},"6":{"start":{"line":18,"column":15},"end":{"line":18,"column":36}},"7":{"start":{"line":19,"column":4},"end":{"line":19,"column":27}},"8":{"start":{"line":19,"column":14},"end":{"line":19,"column":27}},"9":{"start":{"line":20,"column":4},"end":{"line":20,"column":42}},"10":{"start":{"line":20,"column":19},"end":{"line":20,"column":42}},"11":{"start":{"line":21,"column":4},"end":{"line":21,"column":66}},"12":{"start":{"line":21,"column":25},"end":{"line":21,"column":66}},"13":{"start":{"line":23,"column":4},"end":{"line":27,"column":6}}},"fnMap":{"0":{"name":"(anonymous_0)","decl":{"start":{"line":12,"column":60},"end":{"line":12,"column":61}},"loc":{"start":{"line":12,"column":71},"end":{"line":28,"column":1}},"line":12}},"branchMap":{"0":{"loc":{"start":{"line":14,"column":38},"end":{"line":14,"column":49}},"type":"binary-expr","locations":[{"start":{"line":14,"column":38},"end":{"line":14,"column":43}},{"start":{"line":14,"column":47},"end":{"line":14,"column":49}}],"line":14},"1":{"loc":{"start":{"line":18,"column":4},"end":{"line":18,"column":36}},"type":"if","locations":[{"start":{"line":18,"column":4},"end":{"line":18,"column":36}},{"start":{},"end":{}}],"line":18},"2":{"loc":{"start":{"line":19,"column":4},"end":{"line":19,"column":27}},"type":"if","locations":[{"start":{"line":19,"column":4},"end":{"line":19,"column":27}},{"start":{},"end":{}}],"line":19},"3":{"loc":{"start":{"line":20,"column":4},"end":{"line":20,"column":42}},"type":"if","locations":[{"start":{"line":20,"column":4},"end":{"line":20,"column":42}},{"start":{},"end":{}}],"line":20},"4":{"loc":{"start":{"line":21,"column":4},"end":{"line":21,"column":66}},"type":"if","locations":[{"start":{"line":21,"column":4},"end":{"line":21,"column":66}},{"start":{},"end":{}}],"line":21}},"s":{"0":1,"1":4,"2":4,"3":4,"4":4,"5":4,"6":0,"7":4,"8":0,"9":4,"10":0,"11":4,"12":0,"13":4},"f":{"0":4},"b":{"0":[4,4],"1":[0,4],"2":[0,4],"3":[0,4],"4":[0,4]},"_coverageSchema":"1a1c01bbd47fc00a2c39e90264f33305004495a9","hash":"8a064468138bb7c61edeb4321172806dc3c8292d"}
,"C:\\Users\\user1\\Downloads\\UI-Library\\src\\components\\Card\\Card.tsx": {"path":"C:\\Users\\user1\\Downloads\\UI-Library\\src\\components\\Card\\Card.tsx","statementMap":{"0":{"start":{"line":9,"column":25},"end":{"line":32,"column":1}},"1":{"start":{"line":10,"column":58},"end":{"line":10,"column":63}},"2":{"start":{"line":11,"column":22},"end":{"line":11,"column":24}},"3":{"start":{"line":12,"column":4},"end":{"line":14,"column":5}},"4":{"start":{"line":13,"column":8},"end":{"line":13,"column":42}},"5":{"start":{"line":15,"column":23},"end":{"line":21,"column":12}},"6":{"start":{"line":23,"column":4},"end":{"line":23,"column":43}},"7":{"start":{"line":24,"column":4},"end":{"line":31,"column":6}}},"fnMap":{"0":{"name":"(anonymous_0)","decl":{"start":{"line":9,"column":25},"end":{"line":9,"column":26}},"loc":{"start":{"line":9,"column":66},"end":{"line":32,"column":1}},"line":9}},"branchMap":{"0":{"loc":{"start":{"line":12,"column":4},"end":{"line":14,"column":5}},"type":"if","locations":[{"start":{"line":12,"column":4},"end":{"line":14,"column":5}},{"start":{},"end":{}}],"line":12},"1":{"loc":{"start":{"line":15,"column":23},"end":{"line":21,"column":12}},"type":"cond-expr","locations":[{"start":{"line":16,"column":8},"end":{"line":20,"column":14}},{"start":{"line":21,"column":8},"end":{"line":21,"column":12}}],"line":15},"2":{"loc":{"start":{"line":23,"column":16},"end":{"line":23,"column":42}},"type":"cond-expr","locations":[{"start":{"line":23,"column":28},"end":{"line":23,"column":37}},{"start":{"line":23,"column":40},"end":{"line":23,"column":42}}],"line":23},"3":{"loc":{"start":{"line":27,"column":24},"end":{"line":27,"column":46}},"type":"binary-expr","locations":[{"start":{"line":27,"column":24},"end":{"line":27,"column":31}},{"start":{"line":27,"column":35},"end":{"line":27,"column":46}}],"line":27}},"s":{"0":1,"1":2,"2":2,"3":2,"4":0,"5":2,"6":2,"7":2},"f":{"0":2},"b":{"0":[0,2],"1":[0,2],"2":[0,2],"3":[2,0]},"_coverageSchema":"1a1c01bbd47fc00a2c39e90264f33305004495a9","hash":"25aa088d0ece45f61d5fe35135f1390ed2ad36f9"}
,"C:\\Users\\user1\\Downloads\\UI-Library\\src\\components\\Input\\Input.tsx": {"path":"C:\\Users\\user1\\Downloads\\UI-Library\\src\\components\\Input\\Input.tsx","statementMap":{"0":{"start":{"line":15,"column":58},"end":{"line":21,"column":1}},"1":{"start":{"line":16,"column":4},"end":{"line":20,"column":6}}},"fnMap":{"0":{"name":"(anonymous_0)","decl":{"start":{"line":15,"column":58},"end":{"line":15,"column":59}},"loc":{"start":{"line":15,"column":69},"end":{"line":21,"column":1}},"line":15}},"branchMap":{},"s":{"0":1,"1":3},"f":{"0":3},"b":{},"_coverageSchema":"1a1c01bbd47fc00a2c39e90264f33305004495a9","hash":"190e9d09d37887c01d38a24ad0805f7d9fbf0102"}
,"C:\\Users\\user1\\Downloads\\UI-Library\\src\\components\\Switch\\Switch.tsx": {"path":"C:\\Users\\user1\\Downloads\\UI-Library\\src\\components\\Switch\\Switch.tsx","statementMap":{"0":{"start":{"line":10,"column":60},"end":{"line":13,"column":1}},"1":{"start":{"line":11,"column":50},"end":{"line":11,"column":55}},"2":{"start":{"line":12,"column":4},"end":{"line":12,"column":124}}},"fnMap":{"0":{"name":"(anonymous_0)","decl":{"start":{"line":10,"column":60},"end":{"line":10,"column":61}},"loc":{"start":{"line":10,"column":71},"end":{"line":13,"column":1}},"line":10}},"branchMap":{},"s":{"0":1,"1":1,"2":1},"f":{"0":1},"b":{},"_coverageSchema":"1a1c01bbd47fc00a2c39e90264f33305004495a9","hash":"0c459c93cf13cac3205cdd35a7de535f37c3f4ac"}
,"C:\\Users\\user1\\Downloads\\UI-Library\\src\\components\\Tooltip\\Tooltip.tsx": {"path":"C:\\Users\\user1\\Downloads\\UI-Library\\src\\components\\Tooltip\\Tooltip.tsx","statementMap":{"0":{"start":{"line":8,"column":81},"end":{"line":23,"column":1}},"1":{"start":{"line":9,"column":42},"end":{"line":9,"column":57}},"2":{"start":{"line":10,"column":29},"end":{"line":12,"column":5}},"3":{"start":{"line":11,"column":8},"end":{"line":11,"column":29}},"4":{"start":{"line":13,"column":29},"end":{"line":15,"column":5}},"5":{"start":{"line":14,"column":8},"end":{"line":14,"column":30}},"6":{"start":{"line":17,"column":4},"end":{"line":22,"column":6}}},"fnMap":{"0":{"name":"(anonymous_0)","decl":{"start":{"line":8,"column":81},"end":{"line":8,"column":82}},"loc":{"start":{"line":8,"column":105},"end":{"line":23,"column":1}},"line":8},"1":{"name":"(anonymous_1)","decl":{"start":{"line":10,"column":29},"end":{"line":10,"column":30}},"loc":{"start":{"line":10,"column":35},"end":{"line":12,"column":5}},"line":10},"2":{"name":"(anonymous_2)","decl":{"start":{"line":13,"column":29},"end":{"line":13,"column":30}},"loc":{"start":{"line":13,"column":35},"end":{"line":15,"column":5}},"line":13}},"branchMap":{"0":{"loc":{"start":{"line":20,"column":13},"end":{"line":20,"column":74}},"type":"binary-expr","locations":[{"start":{"line":20,"column":13},"end":{"line":20,"column":24}},{"start":{"line":20,"column":28},"end":{"line":20,"column":74}}],"line":20}},"s":{"0":1,"1":3,"2":3,"3":1,"4":3,"5":1,"6":3},"f":{"0":3,"1":1,"2":1},"b":{"0":[3,1]},"_coverageSchema":"1a1c01bbd47fc00a2c39e90264f33305004495a9","hash":"1218eb95584ccf47b1995f5beb80c0604e5b893d"}
}
