TN:
SF:src\assets\CloseIcon.tsx
FN:3,(anonymous_0)
FNF:1
FNH:1
FNDA:3,(anonymous_0)
DA:3,1
DA:4,3
LF:2
LH:2
BRF:0
BRH:0
end_of_record
TN:
SF:src\components\Alert\Alert.tsx
FN:12,(anonymous_0)
FN:14,(anonymous_1)
FN:18,(anonymous_2)
FNF:3
FNH:2
FNDA:5,(anonymous_0)
FNDA:1,(anonymous_1)
FNDA:0,(anonymous_2)
DA:12,1
DA:13,5
DA:14,5
DA:15,1
DA:17,5
DA:18,2
DA:19,0
DA:23,5
DA:24,1
DA:26,4
LF:10
LH:9
BRDA:12,0,0,0
BRDA:12,1,0,3
BRDA:12,2,0,1
BRDA:17,3,0,2
BRDA:17,3,1,3
BRDA:23,4,0,1
BRDA:23,4,1,4
BRDA:29,5,0,4
BRDA:29,5,1,3
BRF:9
BRH:8
end_of_record
TN:
SF:src\components\AuthHoc\AuthHoc.tsx
FN:8,(anonymous_0)
FN:9,(anonymous_1)
FNF:2
FNH:2
FNDA:1,(anonymous_0)
FNDA:1,(anonymous_1)
DA:8,1
DA:9,1
DA:10,1
DA:11,0
DA:13,1
DA:15,1
LF:6
LH:5
BRDA:10,0,0,0
BRDA:10,0,1,1
BRF:2
BRH:1
end_of_record
TN:
SF:src\components\Button\Button.tsx
FN:12,(anonymous_0)
FNF:1
FNH:1
FNDA:4,(anonymous_0)
DA:12,1
DA:13,4
DA:14,4
DA:15,4
DA:16,4
DA:18,4
DA:19,4
DA:20,4
DA:21,4
DA:23,4
LF:10
LH:10
BRDA:14,0,0,4
BRDA:14,0,1,4
BRDA:18,1,0,0
BRDA:18,1,1,4
BRDA:19,2,0,0
BRDA:19,2,1,4
BRDA:20,3,0,0
BRDA:20,3,1,4
BRDA:21,4,0,0
BRDA:21,4,1,4
BRF:10
BRH:6
end_of_record
TN:
SF:src\components\Card\Card.tsx
FN:9,(anonymous_0)
FNF:1
FNH:1
FNDA:2,(anonymous_0)
DA:9,1
DA:10,2
DA:11,2
DA:12,2
DA:13,0
DA:15,2
DA:23,2
DA:24,2
LF:8
LH:7
BRDA:12,0,0,0
BRDA:12,0,1,2
BRDA:15,1,0,0
BRDA:15,1,1,2
BRDA:23,2,0,0
BRDA:23,2,1,2
BRDA:27,3,0,2
BRDA:27,3,1,0
BRF:8
BRH:4
end_of_record
TN:
SF:src\components\Input\Input.tsx
FN:15,(anonymous_0)
FNF:1
FNH:1
FNDA:3,(anonymous_0)
DA:15,1
DA:16,3
LF:2
LH:2
BRF:0
BRH:0
end_of_record
TN:
SF:src\components\Switch\Switch.tsx
FN:10,(anonymous_0)
FNF:1
FNH:1
FNDA:1,(anonymous_0)
DA:10,1
DA:11,1
DA:12,1
LF:3
LH:3
BRF:0
BRH:0
end_of_record
TN:
SF:src\components\Tooltip\Tooltip.tsx
FN:8,(anonymous_0)
FN:10,(anonymous_1)
FN:13,(anonymous_2)
FNF:3
FNH:3
FNDA:3,(anonymous_0)
FNDA:1,(anonymous_1)
FNDA:1,(anonymous_2)
DA:8,1
DA:9,3
DA:10,3
DA:11,1
DA:13,3
DA:14,1
DA:17,3
LF:7
LH:7
BRDA:20,0,0,3
BRDA:20,0,1,1
BRF:2
BRH:2
end_of_record
